E:\WORK\VISUAL STUDIO 2010\PROJECTS\SIMILARITY\DEBUG\SIMILARITY.EXE
E:\WORK\VISUAL STUDIO 2010\PROJECTS\SIMILARITY\DEBUG\SIMILARITY.EXE.MANIFEST
E:\work\Visual Studio 2010\Projects\similarity\Debug\similarity.exp
E:\WORK\VISUAL STUDIO 2010\PROJECTS\SIMILARITY\DEBUG\SIMILARITY.ILK
E:\work\Visual Studio 2010\Projects\similarity\Debug\similarity.lib
E:\WORK\VISUAL STUDIO 2010\PROJECTS\SIMILARITY\DEBUG\SIMILARITY.PDB
E:\WORK\VISUAL STUDIO 2010\PROJECTS\SIMILARITY\SIMILARITY\DEBUG\ASCGRID.OBJ
E:\WORK\VISUAL STUDIO 2010\PROJECTS\SIMILARITY\SIMILARITY\DEBUG\ATTRIBUTERULE.OBJ
E:\WORK\VISUAL STUDIO 2010\PROJECTS\SIMILARITY\SIMILARITY\DEBUG\CATEGORYINTEGRATION.OBJ
E:\work\Visual Studio 2010\Projects\similarity\similarity\Debug\cl.command.1.tlog
E:\work\Visual Studio 2010\Projects\similarity\similarity\Debug\CL.read.1.tlog
E:\work\Visual Studio 2010\Projects\similarity\similarity\Debug\CL.write.1.tlog
E:\work\Visual Studio 2010\Projects\similarity\similarity\Debug\link.command.1.tlog
E:\work\Visual Studio 2010\Projects\similarity\similarity\Debug\link.read.1.tlog
E:\work\Visual Studio 2010\Projects\similarity\similarity\Debug\link.write.1.tlog
E:\WORK\VISUAL STUDIO 2010\PROJECTS\SIMILARITY\SIMILARITY\DEBUG\MAIN.OBJ
E:\work\Visual Studio 2010\Projects\similarity\similarity\Debug\mt.command.1.tlog
E:\work\Visual Studio 2010\Projects\similarity\similarity\Debug\mt.read.1.tlog
E:\work\Visual Studio 2010\Projects\similarity\similarity\Debug\mt.write.1.tlog
E:\WORK\VISUAL STUDIO 2010\PROJECTS\SIMILARITY\SIMILARITY\DEBUG\PARALLELSBMP.OBJ
E:\WORK\VISUAL STUDIO 2010\PROJECTS\SIMILARITY\SIMILARITY\DEBUG\SAMPLEINTEGRATION.OBJ
E:\WORK\VISUAL STUDIO 2010\PROJECTS\SIMILARITY\SIMILARITY\DEBUG\SIMILARITY.EXE.INTERMEDIATE.MANIFEST
E:\work\Visual Studio 2010\Projects\similarity\similarity\Debug\similarity.write.1.tlog
E:\work\Visual Studio 2010\Projects\similarity\similarity\Debug\vc100.idb
E:\WORK\VISUAL STUDIO 2010\PROJECTS\SIMILARITY\SIMILARITY\DEBUG\VC100.PDB
